The system is: Windows - 10.0.22631 - AMD64
Compiling the C compiler identification source file "CMakeCCompilerId.c" succeeded.
Compiler:  
Build flags: 
Id flags:  

The output was:
0
MSBuild 縺ｮ繝舌・繧ｸ繝ｧ繝ｳ 17.12.12+1cce77968 (.NET Framework)
2025/01/22 12:42:51 縺ｫ繝薙Ν繝峨ｒ髢句ｧ九＠縺ｾ縺励◆縲・

繝弱・繝・1 荳翫・繝励Ο繧ｸ繧ｧ繧ｯ繝・"D:\USD\build_debug\build\OpenSubdiv-3_6_0\CMakeFiles\3.25.3\CompilerIdC\CompilerIdC.vcxproj" (譌｢螳壹・繧ｿ繝ｼ繧ｲ繝・ヨ)縲・
PrepareForBuild:
  繝・ぅ繝ｬ繧ｯ繝医Μ "Debug\" 繧剃ｽ懈・縺励※縺・∪縺吶・
  繝・ぅ繝ｬ繧ｯ繝医Μ "Debug\CompilerIdC.tlog\" 繧剃ｽ懈・縺励※縺・∪縺吶・
InitializeBuildStatus:
  "AlwaysCreate" 縺梧欠螳壹＆繧後◆縺溘ａ "Debug\CompilerIdC.tlog\unsuccessfulbuild" 繧剃ｽ懈・縺励※縺・∪縺吶・
  "Debug\CompilerIdC.tlog\unsuccessfulbuild" 縺ｮ繧ｿ繝・メ 繧ｿ繧ｹ繧ｯ繧貞ｮ溯｡後＠縺ｦ縺・∪縺吶・
ClCompile:
  C:\Program Files\Microsoft Visual Studio\2022\Professional\VC\Tools\MSVC\14.36.32532\bin\HostX64\x64\CL.exe /c /nologo /W0 /WX- /diagnostics:column /Od /D _MBCS /Gm- /EHsc /RTC1 /MDd /GS /fp:precise /Zc:wchar_t /Zc:forScope /Zc:inline /Fo"Debug\\" /Fd"Debug\vc143.pdb" /external:W0 /Gd /TC /FC /errorReport:queue CMakeCCompilerId.c
  CMakeCCompilerId.c
Link:
  C:\Program Files\Microsoft Visual Studio\2022\Professional\VC\Tools\MSVC\14.36.32532\bin\HostX64\x64\link.exe /ERRORREPORT:QUEUE /OUT:".\CompilerIdC.exe" /INCREMENTAL:NO /NOLOGO kernel32.lib user32.lib gdi32.lib winspool.lib comdlg32.lib advapi32.lib shell32.lib ole32.lib oleaut32.lib uuid.lib odbc32.lib odbccp32.lib /MANIFEST /MANIFESTUAC:"level='asInvoker' uiAccess='false'" /manifest:embed /PDB:".\CompilerIdC.pdb" /SUBSYSTEM:CONSOLE /TLBID:1 /DYNAMICBASE /NXCOMPAT /IMPLIB:".\CompilerIdC.lib" /MACHINE:X64 Debug\CMakeCCompilerId.obj
  CompilerIdC.vcxproj -> D:\USD\build_debug\build\OpenSubdiv-3_6_0\CMakeFiles\3.25.3\CompilerIdC\CompilerIdC.exe
PostBuildEvent:
  for %%i in (cl.exe) do @echo CMAKE_C_COMPILER=%%~$PATH:i
  :VCEnd
  CMAKE_C_COMPILER=C:\Program Files\Microsoft Visual Studio\2022\Professional\VC\Tools\MSVC\14.36.32532\bin\Hostx64\x64\cl.exe
FinalizeBuildStatus:
  繝輔ぃ繧､繝ｫ "Debug\CompilerIdC.tlog\unsuccessfulbuild" 繧貞炎髯､縺励※縺・∪縺吶・
  "Debug\CompilerIdC.tlog\CompilerIdC.lastbuildstate" 縺ｮ繧ｿ繝・メ 繧ｿ繧ｹ繧ｯ繧貞ｮ溯｡後＠縺ｦ縺・∪縺吶・
繝励Ο繧ｸ繧ｧ繧ｯ繝・"D:\USD\build_debug\build\OpenSubdiv-3_6_0\CMakeFiles\3.25.3\CompilerIdC\CompilerIdC.vcxproj" (譌｢螳壹・繧ｿ繝ｼ繧ｲ繝・ヨ) 縺ｮ繝薙Ν繝峨′螳御ｺ・＠縺ｾ縺励◆縲・

繝薙Ν繝峨↓謌仙粥縺励∪縺励◆縲・
    0 蛟九・隴ｦ蜻・
    0 繧ｨ繝ｩ繝ｼ

邨碁℃譎る俣 00:00:00.89


Compilation of the C compiler identification source "CMakeCCompilerId.c" produced "CompilerIdC.exe"

Compilation of the C compiler identification source "CMakeCCompilerId.c" produced "CompilerIdC.vcxproj"

The C compiler identification is MSVC, found in "D:/USD/build_debug/build/OpenSubdiv-3_6_0/CMakeFiles/3.25.3/CompilerIdC/CompilerIdC.exe"

Compiling the CXX compiler identification source file "CMakeCXXCompilerId.cpp" succeeded.
Compiler:  
Build flags: 
Id flags:  

The output was:
0
MSBuild 縺ｮ繝舌・繧ｸ繝ｧ繝ｳ 17.12.12+1cce77968 (.NET Framework)
2025/01/22 12:42:52 縺ｫ繝薙Ν繝峨ｒ髢句ｧ九＠縺ｾ縺励◆縲・

繝弱・繝・1 荳翫・繝励Ο繧ｸ繧ｧ繧ｯ繝・"D:\USD\build_debug\build\OpenSubdiv-3_6_0\CMakeFiles\3.25.3\CompilerIdCXX\CompilerIdCXX.vcxproj" (譌｢螳壹・繧ｿ繝ｼ繧ｲ繝・ヨ)縲・
PrepareForBuild:
  繝・ぅ繝ｬ繧ｯ繝医Μ "Debug\" 繧剃ｽ懈・縺励※縺・∪縺吶・
  繝・ぅ繝ｬ繧ｯ繝医Μ "Debug\CompilerIdCXX.tlog\" 繧剃ｽ懈・縺励※縺・∪縺吶・
InitializeBuildStatus:
  "AlwaysCreate" 縺梧欠螳壹＆繧後◆縺溘ａ "Debug\CompilerIdCXX.tlog\unsuccessfulbuild" 繧剃ｽ懈・縺励※縺・∪縺吶・
  "Debug\CompilerIdCXX.tlog\unsuccessfulbuild" 縺ｮ繧ｿ繝・メ 繧ｿ繧ｹ繧ｯ繧貞ｮ溯｡後＠縺ｦ縺・∪縺吶・
ClCompile:
  C:\Program Files\Microsoft Visual Studio\2022\Professional\VC\Tools\MSVC\14.36.32532\bin\HostX64\x64\CL.exe /c /nologo /W0 /WX- /diagnostics:column /Od /D _MBCS /Gm- /EHsc /RTC1 /MDd /GS /fp:precise /Zc:wchar_t /Zc:forScope /Zc:inline /Fo"Debug\\" /Fd"Debug\vc143.pdb" /external:W0 /Gd /TP /FC /errorReport:queue CMakeCXXCompilerId.cpp
  CMakeCXXCompilerId.cpp
Link:
  C:\Program Files\Microsoft Visual Studio\2022\Professional\VC\Tools\MSVC\14.36.32532\bin\HostX64\x64\link.exe /ERRORREPORT:QUEUE /OUT:".\CompilerIdCXX.exe" /INCREMENTAL:NO /NOLOGO kernel32.lib user32.lib gdi32.lib winspool.lib comdlg32.lib advapi32.lib shell32.lib ole32.lib oleaut32.lib uuid.lib odbc32.lib odbccp32.lib /MANIFEST /MANIFESTUAC:"level='asInvoker' uiAccess='false'" /manifest:embed /PDB:".\CompilerIdCXX.pdb" /SUBSYSTEM:CONSOLE /TLBID:1 /DYNAMICBASE /NXCOMPAT /IMPLIB:".\CompilerIdCXX.lib" /MACHINE:X64 Debug\CMakeCXXCompilerId.obj
  CompilerIdCXX.vcxproj -> D:\USD\build_debug\build\OpenSubdiv-3_6_0\CMakeFiles\3.25.3\CompilerIdCXX\CompilerIdCXX.exe
PostBuildEvent:
  for %%i in (cl.exe) do @echo CMAKE_CXX_COMPILER=%%~$PATH:i
  :VCEnd
  CMAKE_CXX_COMPILER=C:\Program Files\Microsoft Visual Studio\2022\Professional\VC\Tools\MSVC\14.36.32532\bin\Hostx64\x64\cl.exe
FinalizeBuildStatus:
  繝輔ぃ繧､繝ｫ "Debug\CompilerIdCXX.tlog\unsuccessfulbuild" 繧貞炎髯､縺励※縺・∪縺吶・
  "Debug\CompilerIdCXX.tlog\CompilerIdCXX.lastbuildstate" 縺ｮ繧ｿ繝・メ 繧ｿ繧ｹ繧ｯ繧貞ｮ溯｡後＠縺ｦ縺・∪縺吶・
繝励Ο繧ｸ繧ｧ繧ｯ繝・"D:\USD\build_debug\build\OpenSubdiv-3_6_0\CMakeFiles\3.25.3\CompilerIdCXX\CompilerIdCXX.vcxproj" (譌｢螳壹・繧ｿ繝ｼ繧ｲ繝・ヨ) 縺ｮ繝薙Ν繝峨′螳御ｺ・＠縺ｾ縺励◆縲・

繝薙Ν繝峨↓謌仙粥縺励∪縺励◆縲・
    0 蛟九・隴ｦ蜻・
    0 繧ｨ繝ｩ繝ｼ

邨碁℃譎る俣 00:00:00.67


Compilation of the CXX compiler identification source "CMakeCXXCompilerId.cpp" produced "CompilerIdCXX.exe"

Compilation of the CXX compiler identification source "CMakeCXXCompilerId.cpp" produced "CompilerIdCXX.vcxproj"

The CXX compiler identification is MSVC, found in "D:/USD/build_debug/build/OpenSubdiv-3_6_0/CMakeFiles/3.25.3/CompilerIdCXX/CompilerIdCXX.exe"

Detecting C compiler ABI info compiled with the following output:
Change Dir: D:/USD/build_debug/build/OpenSubdiv-3_6_0/CMakeFiles/CMakeScratch/TryCompile-grcdup

Run Build Command(s):C:/Program Files/Microsoft Visual Studio/2022/Professional/MSBuild/Current/Bin/amd64/MSBuild.exe cmTC_944c5.vcxproj /p:Configuration=Debug /p:Platform=x64 /p:VisualStudioVersion=17.0 /v:m && MSBuild 縺ｮ繝舌・繧ｸ繝ｧ繝ｳ 17.12.12+1cce77968 (.NET Framework)

  Microsoft (R) C/C++ Optimizing Compiler Version 19.36.32546 for x64
  CMakeCCompilerABI.c
  Copyright (C) Microsoft Corporation.  All rights reserved.
  cl /c /Zi /W3 /WX- /diagnostics:column /Od /Ob0 /D _MBCS /D WIN32 /D _WINDOWS /D "CMAKE_INTDIR=\"Debug\"" /Gm- /RTC1 /MDd /GS /fp:precise /Zc:wchar_t /Zc:forScope /Zc:inline /Fo"cmTC_944c5.dir\Debug\\" /Fd"cmTC_944c5.dir\Debug\vc143.pdb" /external:W3 /Gd /TC /errorReport:queue "C:\Program Files\CMake\share\cmake-3.25\Modules\CMakeCCompilerABI.c"
  cmTC_944c5.vcxproj -> D:\USD\build_debug\build\OpenSubdiv-3_6_0\CMakeFiles\CMakeScratch\TryCompile-grcdup\Debug\cmTC_944c5.exe



Detecting CXX compiler ABI info compiled with the following output:
Change Dir: D:/USD/build_debug/build/OpenSubdiv-3_6_0/CMakeFiles/CMakeScratch/TryCompile-qns8vy

Run Build Command(s):C:/Program Files/Microsoft Visual Studio/2022/Professional/MSBuild/Current/Bin/amd64/MSBuild.exe cmTC_97d91.vcxproj /p:Configuration=Debug /p:Platform=x64 /p:VisualStudioVersion=17.0 /v:m && MSBuild 縺ｮ繝舌・繧ｸ繝ｧ繝ｳ 17.12.12+1cce77968 (.NET Framework)

  Microsoft (R) C/C++ Optimizing Compiler Version 19.36.32546 for x64
  CMakeCXXCompilerABI.cpp
  Copyright (C) Microsoft Corporation.  All rights reserved.
  cl /c /Zi /W3 /WX- /diagnostics:column /Od /Ob0 /D _MBCS /D WIN32 /D _WINDOWS /D "CMAKE_INTDIR=\"Debug\"" /Gm- /EHsc /RTC1 /MDd /GS /fp:precise /Zc:wchar_t /Zc:forScope /Zc:inline /GR /Fo"cmTC_97d91.dir\Debug\\" /Fd"cmTC_97d91.dir\Debug\vc143.pdb" /external:W3 /Gd /TP /errorReport:queue "C:\Program Files\CMake\share\cmake-3.25\Modules\CMakeCXXCompilerABI.cpp"
  cmTC_97d91.vcxproj -> D:\USD\build_debug\build\OpenSubdiv-3_6_0\CMakeFiles\CMakeScratch\TryCompile-qns8vy\Debug\cmTC_97d91.exe



